This is pdfTeX, Version 3.141592653-2.6-1.40.24 (TeX Live 2022) (preloaded format=pdflatex 2023.1.9)  15 MAY 2023 21:59
entering extended mode
 restricted \write18 enabled.
 %&-line parsing enabled.
**"РљРѕСЂРјРёР»РёРЅ Р”. Р”.- РС‚РѕРіРѕРІР°СЏ СЂР°Р±РѕС‚Р°.tex"
(./РљРѕСЂРјРёР»РёРЅ Р”. Р”.- РС‚РѕРіРѕРІР°СЏ СЂР°Р±РѕС‚Р°.tex
LaTeX2e <2022-11-01> patch level 1
L3 programming layer <2022-12-17>
(d:/texlive/2022/texmf-dist/tex/latex/extsizes/extreport.cls
Document Class: extreport 1996/10/08 v1.0 Non Standard LaTeX document class
(d:/texlive/2022/texmf-dist/tex/latex/extsizes/size14.clo
File: size14.clo 1999/11/11 v1.4a NON-Standard LaTeX file (size option)
)
(d:/texlive/2022/texmf-dist/tex/latex/base/exscale.sty
Package: exscale 2018/09/24 v2.1i Standard LaTeX package exscale
LaTeX Font Info:    Redeclaring symbol font `largesymbols' on input line 57.
LaTeX Font Info:    Overwriting symbol font `largesymbols' in version `normal'
(Font)                  OMX/cmex/m/n --> OMX/cmex/m/n on input line 57.
LaTeX Font Info:    Overwriting symbol font `largesymbols' in version `bold'
(Font)                  OMX/cmex/m/n --> OMX/cmex/m/n on input line 57.
\big@size=\dimen140
)
\c@part=\count185
\c@chapter=\count186
\c@section=\count187
\c@subsection=\count188
\c@subsubsection=\count189
\c@paragraph=\count190
\c@subparagraph=\count191
\c@figure=\count192
\c@table=\count193
\abovecaptionskip=\skip48
\belowcaptionskip=\skip49
\bibindent=\dimen141
) (./susu.sty
(d:/texlive/2022/texmf-dist/tex/latex/amsmath/amsmath.sty
Package: amsmath 2022/04/08 v2.17n AMS math features
\@mathmargin=\skip50

For additional information on amsmath, use the `?' option.
(d:/texlive/2022/texmf-dist/tex/latex/amsmath/amstext.sty
Package: amstext 2021/08/26 v2.01 AMS text

(d:/texlive/2022/texmf-dist/tex/latex/amsmath/amsgen.sty
File: amsgen.sty 1999/11/30 v2.0 generic functions
\@emptytoks=\toks16
\ex@=\dimen142
))
(d:/texlive/2022/texmf-dist/tex/latex/amsmath/amsbsy.sty
Package: amsbsy 1999/11/29 v1.2d Bold Symbols
\pmbraise@=\dimen143
)
(d:/texlive/2022/texmf-dist/tex/latex/amsmath/amsopn.sty
Package: amsopn 2022/04/08 v2.04 operator names
)
\inf@bad=\count194
LaTeX Info: Redefining \frac on input line 234.
\uproot@=\count195
\leftroot@=\count196
LaTeX Info: Redefining \overline on input line 399.
LaTeX Info: Redefining \colon on input line 410.
\classnum@=\count197
\DOTSCASE@=\count198
LaTeX Info: Redefining \ldots on input line 496.
LaTeX Info: Redefining \dots on input line 499.
LaTeX Info: Redefining \cdots on input line 620.
\Mathstrutbox@=\box51
\strutbox@=\box52
LaTeX Info: Redefining \big on input line 722.
LaTeX Info: Redefining \Big on input line 723.
LaTeX Info: Redefining \bigg on input line 724.
LaTeX Info: Redefining \Bigg on input line 725.
\big@size=\dimen144
LaTeX Font Info:    Redeclaring font encoding OML on input line 743.
LaTeX Font Info:    Redeclaring font encoding OMS on input line 744.
\macc@depth=\count199
LaTeX Info: Redefining \bmod on input line 905.
LaTeX Info: Redefining \pmod on input line 910.
LaTeX Info: Redefining \smash on input line 940.
LaTeX Info: Redefining \relbar on input line 970.
LaTeX Info: Redefining \Relbar on input line 971.
\c@MaxMatrixCols=\count266
\dotsspace@=\muskip16
\c@parentequation=\count267
\dspbrk@lvl=\count268
\tag@help=\toks17
\row@=\count269
\column@=\count270
\maxfields@=\count271
\andhelp@=\toks18
\eqnshift@=\dimen145
\alignsep@=\dimen146
\tagshift@=\dimen147
\tagwidth@=\dimen148
\totwidth@=\dimen149
\lineht@=\dimen150
\@envbody=\toks19
\multlinegap=\skip51
\multlinetaggap=\skip52
\mathdisplay@stack=\toks20
LaTeX Info: Redefining \[ on input line 2953.
LaTeX Info: Redefining \] on input line 2954.
)
(d:/texlive/2022/texmf-dist/tex/latex/amsfonts/amssymb.sty
Package: amssymb 2013/01/14 v3.01 AMS font symbols

(d:/texlive/2022/texmf-dist/tex/latex/amsfonts/amsfonts.sty
Package: amsfonts 2013/01/14 v3.01 Basic AMSFonts support
\symAMSa=\mathgroup4
\symAMSb=\mathgroup5
LaTeX Font Info:    Redeclaring math symbol \hbar on input line 98.
LaTeX Font Info:    Overwriting math alphabet `\mathfrak' in version `bold'
(Font)                  U/euf/m/n --> U/euf/b/n on input line 106.
))
(d:/texlive/2022/texmf-dist/tex/latex/mathtools/mathtools.sty
Package: mathtools 2022/06/29 v1.29 mathematical typesetting tools

(d:/texlive/2022/texmf-dist/tex/latex/graphics/keyval.sty
Package: keyval 2022/05/29 v1.15 key=value parser (DPC)
\KV@toks@=\toks21
)
(d:/texlive/2022/texmf-dist/tex/latex/tools/calc.sty
Package: calc 2017/05/25 v4.3 Infix arithmetic (KKT,FJ)
\calc@Acount=\count272
\calc@Bcount=\count273
\calc@Adimen=\dimen151
\calc@Bdimen=\dimen152
\calc@Askip=\skip53
\calc@Bskip=\skip54
LaTeX Info: Redefining \setlength on input line 80.
LaTeX Info: Redefining \addtolength on input line 81.
\calc@Ccount=\count274
\calc@Cskip=\skip55
)
(d:/texlive/2022/texmf-dist/tex/latex/mathtools/mhsetup.sty
Package: mhsetup 2021/03/18 v1.4 programming setup (MH)
)
\g_MT_multlinerow_int=\count275
\l_MT_multwidth_dim=\dimen153
\origjot=\skip56
\l_MT_shortvdotswithinadjustabove_dim=\dimen154
\l_MT_shortvdotswithinadjustbelow_dim=\dimen155
\l_MT_above_intertext_sep=\dimen156
\l_MT_below_intertext_sep=\dimen157
\l_MT_above_shortintertext_sep=\dimen158
\l_MT_below_shortintertext_sep=\dimen159
\xmathstrut@box=\box53
\xmathstrut@dim=\dimen160
)
(d:/texlive/2022/texmf-dist/tex/generic/babel/babel.sty
Package: babel 2022/12/26 3.84 The Babel package
\babel@savecnt=\count276
\U@D=\dimen161
\l@unhyphenated=\language87

(d:/texlive/2022/texmf-dist/tex/generic/babel/txtbabel.def)
\bbl@readstream=\read2
\bbl@dirlevel=\count277

(d:/texlive/2022/texmf-dist/tex/generic/babel-english/english.ldf
Language: english 2017/06/06 v3.3r English support from the babel system
Package babel Info: Hyphen rules for 'canadian' set to \l@english
(babel)             (\language0). Reported on input line 102.
Package babel Info: Hyphen rules for 'australian' set to \l@ukenglish
(babel)             (\language21). Reported on input line 105.
Package babel Info: Hyphen rules for 'newzealand' set to \l@ukenglish
(babel)             (\language21). Reported on input line 108.
)
(d:/texlive/2022/texmf-dist/tex/generic/babel-russian/russianb.ldf
File: russianb.ldf 2021/01/10 1.3m Russian support for the Babel system
Language: russian 2020/09/09 1.3k Russian support for the Babel system


Package babel Warning: No Cyrillic font encoding has been loaded so far.
(babel)                A font encoding should be declared before babel.
(babel)                Default `T2A' encoding will be loaded  on input line 78.


(d:/texlive/2022/texmf-dist/tex/latex/cyrillic/t2aenc.def
File: t2aenc.def 2022/06/11 v1.0j Cyrillic encoding definition file
Now handling font encoding T2A ...
... processing UTF-8 mapping file for font encoding T2A

(d:/texlive/2022/texmf-dist/tex/latex/base/t2aenc.dfu
File: t2aenc.dfu 2022/06/07 v1.3c UTF-8 support
   defining Unicode char U+00A4 (decimal 164)
   defining Unicode char U+00A7 (decimal 167)
   defining Unicode char U+00AB (decimal 171)
   defining Unicode char U+00BB (decimal 187)
   defining Unicode char U+0131 (decimal 305)
   defining Unicode char U+0237 (decimal 567)
   defining Unicode char U+0400 (decimal 1024)
   defining Unicode char U+0401 (decimal 1025)
   defining Unicode char U+0402 (decimal 1026)
   defining Unicode char U+0403 (decimal 1027)
   defining Unicode char U+0404 (decimal 1028)
   defining Unicode char U+0405 (decimal 1029)
   defining Unicode char U+0406 (decimal 1030)
   defining Unicode char U+0407 (decimal 1031)
   defining Unicode char U+0408 (decimal 1032)
   defining Unicode char U+0409 (decimal 1033)
   defining Unicode char U+040A (decimal 1034)
   defining Unicode char U+040B (decimal 1035)
   defining Unicode char U+040C (decimal 1036)
   defining Unicode char U+040D (decimal 1037)
   defining Unicode char U+040E (decimal 1038)
   defining Unicode char U+040F (decimal 1039)
   defining Unicode char U+0410 (decimal 1040)
   defining Unicode char U+0411 (decimal 1041)
   defining Unicode char U+0412 (decimal 1042)
   defining Unicode char U+0413 (decimal 1043)
   defining Unicode char U+0414 (decimal 1044)
   defining Unicode char U+0415 (decimal 1045)
   defining Unicode char U+0416 (decimal 1046)
   defining Unicode char U+0417 (decimal 1047)
   defining Unicode char U+0418 (decimal 1048)
   defining Unicode char U+0419 (decimal 1049)
   defining Unicode char U+041A (decimal 1050)
   defining Unicode char U+041B (decimal 1051)
   defining Unicode char U+041C (decimal 1052)
   defining Unicode char U+041D (decimal 1053)
   defining Unicode char U+041E (decimal 1054)
   defining Unicode char U+041F (decimal 1055)
   defining Unicode char U+0420 (decimal 1056)
   defining Unicode char U+0421 (decimal 1057)
   defining Unicode char U+0422 (decimal 1058)
   defining Unicode char U+0423 (decimal 1059)
   defining Unicode char U+0424 (decimal 1060)
   defining Unicode char U+0425 (decimal 1061)
   defining Unicode char U+0426 (decimal 1062)
   defining Unicode char U+0427 (decimal 1063)
   defining Unicode char U+0428 (decimal 1064)
   defining Unicode char U+0429 (decimal 1065)
   defining Unicode char U+042A (decimal 1066)
   defining Unicode char U+042B (decimal 1067)
   defining Unicode char U+042C (decimal 1068)
   defining Unicode char U+042D (decimal 1069)
   defining Unicode char U+042E (decimal 1070)
   defining Unicode char U+042F (decimal 1071)
   defining Unicode char U+0430 (decimal 1072)
   defining Unicode char U+0431 (decimal 1073)
   defining Unicode char U+0432 (decimal 1074)
   defining Unicode char U+0433 (decimal 1075)
   defining Unicode char U+0434 (decimal 1076)
   defining Unicode char U+0435 (decimal 1077)
   defining Unicode char U+0436 (decimal 1078)
   defining Unicode char U+0437 (decimal 1079)
   defining Unicode char U+0438 (decimal 1080)
   defining Unicode char U+0439 (decimal 1081)
   defining Unicode char U+043A (decimal 1082)
   defining Unicode char U+043B (decimal 1083)
   defining Unicode char U+043C (decimal 1084)
   defining Unicode char U+043D (decimal 1085)
   defining Unicode char U+043E (decimal 1086)
   defining Unicode char U+043F (decimal 1087)
   defining Unicode char U+0440 (decimal 1088)
   defining Unicode char U+0441 (decimal 1089)
   defining Unicode char U+0442 (decimal 1090)
   defining Unicode char U+0443 (decimal 1091)
   defining Unicode char U+0444 (decimal 1092)
   defining Unicode char U+0445 (decimal 1093)
   defining Unicode char U+0446 (decimal 1094)
   defining Unicode char U+0447 (decimal 1095)
   defining Unicode char U+0448 (decimal 1096)
   defining Unicode char U+0449 (decimal 1097)
   defining Unicode char U+044A (decimal 1098)
   defining Unicode char U+044B (decimal 1099)
   defining Unicode char U+044C (decimal 1100)
   defining Unicode char U+044D (decimal 1101)
   defining Unicode char U+044E (decimal 1102)
   defining Unicode char U+044F (decimal 1103)
   defining Unicode char U+0450 (decimal 1104)
   defining Unicode char U+0451 (decimal 1105)
   defining Unicode char U+0452 (decimal 1106)
   defining Unicode char U+0453 (decimal 1107)
   defining Unicode char U+0454 (decimal 1108)
   defining Unicode char U+0455 (decimal 1109)
   defining Unicode char U+0456 (decimal 1110)
   defining Unicode char U+0457 (decimal 1111)
   defining Unicode char U+0458 (decimal 1112)
   defining Unicode char U+0459 (decimal 1113)
   defining Unicode char U+045A (decimal 1114)
   defining Unicode char U+045B (decimal 1115)
   defining Unicode char U+045C (decimal 1116)
   defining Unicode char U+045D (decimal 1117)
   defining Unicode char U+045E (decimal 1118)
   defining Unicode char U+045F (decimal 1119)
   defining Unicode char U+0490 (decimal 1168)
   defining Unicode char U+0491 (decimal 1169)
   defining Unicode char U+0492 (decimal 1170)
   defining Unicode char U+0493 (decimal 1171)
   defining Unicode char U+0496 (decimal 1174)
   defining Unicode char U+0497 (decimal 1175)
   defining Unicode char U+0498 (decimal 1176)
   defining Unicode char U+0499 (decimal 1177)
   defining Unicode char U+049A (decimal 1178)
   defining Unicode char U+049B (decimal 1179)
   defining Unicode char U+049C (decimal 1180)
   defining Unicode char U+049D (decimal 1181)
   defining Unicode char U+04A0 (decimal 1184)
   defining Unicode char U+04A1 (decimal 1185)
   defining Unicode char U+04A2 (decimal 1186)
   defining Unicode char U+04A3 (decimal 1187)
   defining Unicode char U+04A4 (decimal 1188)
   defining Unicode char U+04A5 (decimal 1189)
   defining Unicode char U+04AA (decimal 1194)
   defining Unicode char U+04AB (decimal 1195)
   defining Unicode char U+04AE (decimal 1198)
   defining Unicode char U+04AF (decimal 1199)
   defining Unicode char U+04B0 (decimal 1200)
   defining Unicode char U+04B1 (decimal 1201)
   defining Unicode char U+04B2 (decimal 1202)
   defining Unicode char U+04B3 (decimal 1203)
   defining Unicode char U+04B6 (decimal 1206)
   defining Unicode char U+04B7 (decimal 1207)
   defining Unicode char U+04B8 (decimal 1208)
   defining Unicode char U+04B9 (decimal 1209)
   defining Unicode char U+04BA (decimal 1210)
   defining Unicode char U+04BB (decimal 1211)
   defining Unicode char U+04C0 (decimal 1216)
   defining Unicode char U+04C1 (decimal 1217)
   defining Unicode char U+04C2 (decimal 1218)
   defining Unicode char U+04D0 (decimal 1232)
   defining Unicode char U+04D1 (decimal 1233)
   defining Unicode char U+04D2 (decimal 1234)
   defining Unicode char U+04D3 (decimal 1235)
   defining Unicode char U+04D4 (decimal 1236)
   defining Unicode char U+04D5 (decimal 1237)
   defining Unicode char U+04D6 (decimal 1238)
   defining Unicode char U+04D7 (decimal 1239)
   defining Unicode char U+04D8 (decimal 1240)
   defining Unicode char U+04D9 (decimal 1241)
   defining Unicode char U+04DA (decimal 1242)
   defining Unicode char U+04DB (decimal 1243)
   defining Unicode char U+04DC (decimal 1244)
   defining Unicode char U+04DD (decimal 1245)
   defining Unicode char U+04DE (decimal 1246)
   defining Unicode char U+04DF (decimal 1247)
   defining Unicode char U+04E2 (decimal 1250)
   defining Unicode char U+04E3 (decimal 1251)
   defining Unicode char U+04E4 (decimal 1252)
   defining Unicode char U+04E5 (decimal 1253)
   defining Unicode char U+04E6 (decimal 1254)
   defining Unicode char U+04E7 (decimal 1255)
   defining Unicode char U+04E8 (decimal 1256)
   defining Unicode char U+04E9 (decimal 1257)
   defining Unicode char U+04EC (decimal 1260)
   defining Unicode char U+04ED (decimal 1261)
   defining Unicode char U+04EE (decimal 1262)
   defining Unicode char U+04EF (decimal 1263)
   defining Unicode char U+04F0 (decimal 1264)
   defining Unicode char U+04F1 (decimal 1265)
   defining Unicode char U+04F2 (decimal 1266)
   defining Unicode char U+04F3 (decimal 1267)
   defining Unicode char U+04F4 (decimal 1268)
   defining Unicode char U+04F5 (decimal 1269)
   defining Unicode char U+04F8 (decimal 1272)
   defining Unicode char U+04F9 (decimal 1273)
   defining Unicode char U+200C (decimal 8204)
   defining Unicode char U+2013 (decimal 8211)
   defining Unicode char U+2014 (decimal 8212)
   defining Unicode char U+2018 (decimal 8216)
   defining Unicode char U+2019 (decimal 8217)
   defining Unicode char U+201C (decimal 8220)
   defining Unicode char U+201D (decimal 8221)
   defining Unicode char U+201E (decimal 8222)
   defining Unicode char U+2030 (decimal 8240)
   defining Unicode char U+2031 (decimal 8241)
   defining Unicode char U+2116 (decimal 8470)
   defining Unicode char U+2329 (decimal 9001)
   defining Unicode char U+3008 (decimal 12296)
   defining Unicode char U+232A (decimal 9002)
   defining Unicode char U+3009 (decimal 12297)
   defining Unicode char U+2423 (decimal 9251)
   defining Unicode char U+27E8 (decimal 10216)
   defining Unicode char U+27E9 (decimal 10217)
   defining Unicode char U+FB00 (decimal 64256)
   defining Unicode char U+FB01 (decimal 64257)
   defining Unicode char U+FB02 (decimal 64258)
   defining Unicode char U+FB03 (decimal 64259)
   defining Unicode char U+FB04 (decimal 64260)
   defining Unicode char U+FB05 (decimal 64261)
   defining Unicode char U+FB06 (decimal 64262)
))
Package babel Info: Making " an active character on input line 124.
Package babel Info: Default for \cyrdash is provided on input line 163.
))
(d:/texlive/2022/texmf-dist/tex/generic/babel/locale/ru/babel-russian.tex
Package babel Info: Importing font and identification data for russian
(babel)             from babel-ru.ini. Reported on input line 11.
)
(d:/texlive/2022/texmf-dist/tex/generic/babel/locale/en/babel-english.tex
Package babel Info: Importing font and identification data for english
(babel)             from babel-en.ini. Reported on input line 11.
)
(d:/texlive/2022/texmf-dist/tex/latex/caption/caption.sty
Package: caption 2022/03/01 v3.6b Customizing captions (AR)

(d:/texlive/2022/texmf-dist/tex/latex/caption/caption3.sty
Package: caption3 2022/03/17 v2.3b caption3 kernel (AR)
\caption@tempdima=\dimen162
\captionmargin=\dimen163
\caption@leftmargin=\dimen164
\caption@rightmargin=\dimen165
\caption@width=\dimen166
\caption@indent=\dimen167
\caption@parindent=\dimen168
\caption@hangindent=\dimen169
Package caption Info: Standard document class detected.
)
\c@caption@flags=\count278
\c@continuedfloat=\count279
)
(d:/texlive/2022/texmf-dist/tex/latex/cite/cite.sty
LaTeX Info: Redefining \cite on input line 302.
LaTeX Info: Redefining \nocite on input line 332.
Package: cite 2015/02/27  v 5.5
)
(d:/texlive/2022/texmf-dist/tex/latex/cmap/cmap.sty
Package: cmap 2021/02/06 v1.0j CMap support: searchable PDF
)
(d:/texlive/2022/texmf-dist/tex/latex/enumitem/enumitem.sty
Package: enumitem 2019/06/20 v3.9 Customized lists
\labelindent=\skip57
\enit@outerparindent=\dimen170
\enit@toks=\toks22
\enit@inbox=\box54
\enit@count@id=\count280
\enitdp@description=\count281
)
(d:/texlive/2022/texmf-dist/tex/latex/fancyhdr/fancyhdr.sty
Package: fancyhdr 2022/11/09 v4.1 Extensive control of page headers and footers

\f@nch@headwidth=\skip58
\f@nch@O@elh=\skip59
\f@nch@O@erh=\skip60
\f@nch@O@olh=\skip61
\f@nch@O@orh=\skip62
\f@nch@O@elf=\skip63
\f@nch@O@erf=\skip64
\f@nch@O@olf=\skip65
\f@nch@O@orf=\skip66
)
(d:/texlive/2022/texmf-dist/tex/latex/hyperref/hyperref.sty
Package: hyperref 2022-11-13 v7.00u Hypertext links for LaTeX

(d:/texlive/2022/texmf-dist/tex/generic/ltxcmds/ltxcmds.sty
Package: ltxcmds 2020-05-10 v1.25 LaTeX kernel commands for general use (HO)
)
(d:/texlive/2022/texmf-dist/tex/generic/iftex/iftex.sty
Package: iftex 2022/02/03 v1.0f TeX engine tests
)
(d:/texlive/2022/texmf-dist/tex/generic/pdftexcmds/pdftexcmds.sty
Package: pdftexcmds 2020-06-27 v0.33 Utility functions of pdfTeX for LuaTeX (HO
)

(d:/texlive/2022/texmf-dist/tex/generic/infwarerr/infwarerr.sty
Package: infwarerr 2019/12/03 v1.5 Providing info/warning/error messages (HO)
)
Package pdftexcmds Info: \pdf@primitive is available.
Package pdftexcmds Info: \pdf@ifprimitive is available.
Package pdftexcmds Info: \pdfdraftmode found.
)
(d:/texlive/2022/texmf-dist/tex/latex/kvsetkeys/kvsetkeys.sty
Package: kvsetkeys 2022-10-05 v1.19 Key value parser (HO)
)
(d:/texlive/2022/texmf-dist/tex/generic/kvdefinekeys/kvdefinekeys.sty
Package: kvdefinekeys 2019-12-19 v1.6 Define keys (HO)
)
(d:/texlive/2022/texmf-dist/tex/generic/pdfescape/pdfescape.sty
Package: pdfescape 2019/12/09 v1.15 Implements pdfTeX's escape features (HO)
)
(d:/texlive/2022/texmf-dist/tex/latex/hycolor/hycolor.sty
Package: hycolor 2020-01-27 v1.10 Color options for hyperref/bookmark (HO)
)
(d:/texlive/2022/texmf-dist/tex/latex/letltxmacro/letltxmacro.sty
Package: letltxmacro 2019/12/03 v1.6 Let assignment for LaTeX macros (HO)
)
(d:/texlive/2022/texmf-dist/tex/latex/auxhook/auxhook.sty
Package: auxhook 2019-12-17 v1.6 Hooks for auxiliary files (HO)
)
(d:/texlive/2022/texmf-dist/tex/latex/hyperref/nameref.sty
Package: nameref 2022-05-17 v2.50 Cross-referencing by name of section

(d:/texlive/2022/texmf-dist/tex/latex/refcount/refcount.sty
Package: refcount 2019/12/15 v3.6 Data extraction from label references (HO)
)
(d:/texlive/2022/texmf-dist/tex/generic/gettitlestring/gettitlestring.sty
Package: gettitlestring 2019/12/15 v1.6 Cleanup title references (HO)

(d:/texlive/2022/texmf-dist/tex/latex/kvoptions/kvoptions.sty
Package: kvoptions 2022-06-15 v3.15 Key value format for package options (HO)
))
\c@section@level=\count282
)
\@linkdim=\dimen171
\Hy@linkcounter=\count283
\Hy@pagecounter=\count284

(d:/texlive/2022/texmf-dist/tex/latex/hyperref/pd1enc.def
File: pd1enc.def 2022-11-13 v7.00u Hyperref: PDFDocEncoding definition (HO)
Now handling font encoding PD1 ...
... no UTF-8 mapping file for font encoding PD1
)
(d:/texlive/2022/texmf-dist/tex/generic/intcalc/intcalc.sty
Package: intcalc 2019/12/15 v1.3 Expandable calculations with integers (HO)
)
(d:/texlive/2022/texmf-dist/tex/generic/etexcmds/etexcmds.sty
Package: etexcmds 2019/12/15 v1.7 Avoid name clashes with e-TeX commands (HO)
)
\Hy@SavedSpaceFactor=\count285

(d:/texlive/2022/texmf-dist/tex/latex/hyperref/puenc.def
File: puenc.def 2022-11-13 v7.00u Hyperref: PDF Unicode definition (HO)
Now handling font encoding PU ...
... no UTF-8 mapping file for font encoding PU
)
Package hyperref Info: Option `unicode' set `true' on input line 3149.
Package hyperref Info: Hyper figures OFF on input line 4162.
Package hyperref Info: Link nesting OFF on input line 4167.
Package hyperref Info: Hyper index ON on input line 4170.
Package hyperref Info: Plain pages OFF on input line 4177.
Package hyperref Info: Backreferencing OFF on input line 4182.
Package hyperref Info: Implicit mode ON; LaTeX internals redefined.
Package hyperref Info: Bookmarks ON on input line 4410.
\c@Hy@tempcnt=\count286

(d:/texlive/2022/texmf-dist/tex/latex/url/url.sty
\Urlmuskip=\muskip17
Package: url 2013/09/16  ver 3.4  Verb mode for urls, etc.
)
LaTeX Info: Redefining \url on input line 4748.
\XeTeXLinkMargin=\dimen172

(d:/texlive/2022/texmf-dist/tex/generic/bitset/bitset.sty
Package: bitset 2019/12/09 v1.3 Handle bit-vector datatype (HO)

(d:/texlive/2022/texmf-dist/tex/generic/bigintcalc/bigintcalc.sty
Package: bigintcalc 2019/12/15 v1.5 Expandable calculations on big integers (HO
)
))
\Fld@menulength=\count287
\Field@Width=\dimen173
\Fld@charsize=\dimen174
Package hyperref Info: Hyper figures OFF on input line 6027.
Package hyperref Info: Link nesting OFF on input line 6032.
Package hyperref Info: Hyper index ON on input line 6035.
Package hyperref Info: backreferencing OFF on input line 6042.
Package hyperref Info: Link coloring OFF on input line 6047.
Package hyperref Info: Link coloring with OCG OFF on input line 6052.
Package hyperref Info: PDF/A mode OFF on input line 6057.

(d:/texlive/2022/texmf-dist/tex/latex/base/atbegshi-ltx.sty
Package: atbegshi-ltx 2021/01/10 v1.0c Emulation of the original atbegshi
package with kernel methods
)
\Hy@abspage=\count288
\c@Item=\count289
\c@Hfootnote=\count290
)
Package hyperref Info: Driver (autodetected): hpdftex.

(d:/texlive/2022/texmf-dist/tex/latex/hyperref/hpdftex.def
File: hpdftex.def 2022-11-13 v7.00u Hyperref driver for pdfTeX

(d:/texlive/2022/texmf-dist/tex/latex/base/atveryend-ltx.sty
Package: atveryend-ltx 2020/08/19 v1.0a Emulation of the original atveryend pac
kage
with kernel methods
)
\Fld@listcount=\count291
\c@bookmark@seq@number=\count292

(d:/texlive/2022/texmf-dist/tex/latex/rerunfilecheck/rerunfilecheck.sty
Package: rerunfilecheck 2022-07-10 v1.10 Rerun checks for auxiliary files (HO)

(d:/texlive/2022/texmf-dist/tex/generic/uniquecounter/uniquecounter.sty
Package: uniquecounter 2019/12/15 v1.4 Provide unlimited unique counter (HO)
)
Package uniquecounter Info: New unique counter `rerunfilecheck' on input line 2
85.
)
\Hy@SectionHShift=\skip67
)
(d:/texlive/2022/texmf-dist/tex/latex/base/fontenc.sty
Package: fontenc 2021/04/29 v2.0v Standard LaTeX package
LaTeX Font Info:    Trying to load font information for T2A+cmr on input line 1
12.

(d:/texlive/2022/texmf-dist/tex/latex/cyrillic/t2acmr.fd
File: t2acmr.fd 2001/08/11 v1.0a Computer Modern Cyrillic font definitions
)<<t2a.cmap>>)
(d:/texlive/2022/texmf-dist/tex/latex/geometry/geometry.sty
Package: geometry 2020/01/02 v5.9 Page Geometry

(d:/texlive/2022/texmf-dist/tex/generic/iftex/ifvtex.sty
Package: ifvtex 2019/10/25 v1.7 ifvtex legacy package. Use iftex instead.
)
\Gm@cnth=\count293
\Gm@cntv=\count294
\c@Gm@tempcnt=\count295
\Gm@bindingoffset=\dimen175
\Gm@wd@mp=\dimen176
\Gm@odd@mp=\dimen177
\Gm@even@mp=\dimen178
\Gm@layoutwidth=\dimen179
\Gm@layoutheight=\dimen180
\Gm@layouthoffset=\dimen181
\Gm@layoutvoffset=\dimen182
\Gm@dimlist=\toks23
)
(d:/texlive/2022/texmf-dist/tex/latex/graphics/graphicx.sty
Package: graphicx 2021/09/16 v1.2d Enhanced LaTeX Graphics (DPC,SPQR)

(d:/texlive/2022/texmf-dist/tex/latex/graphics/graphics.sty
Package: graphics 2022/03/10 v1.4e Standard LaTeX Graphics (DPC,SPQR)

(d:/texlive/2022/texmf-dist/tex/latex/graphics/trig.sty
Package: trig 2021/08/11 v1.11 sin cos tan (DPC)
)
(d:/texlive/2022/texmf-dist/tex/latex/graphics-cfg/graphics.cfg
File: graphics.cfg 2016/06/04 v1.11 sample graphics configuration
)
Package graphics Info: Driver file: pdftex.def on input line 107.

(d:/texlive/2022/texmf-dist/tex/latex/graphics-def/pdftex.def
File: pdftex.def 2022/09/22 v1.2b Graphics/color driver for pdftex
))
\Gin@req@height=\dimen183
\Gin@req@width=\dimen184
)
(d:/texlive/2022/texmf-dist/tex/latex/tools/indentfirst.sty
Package: indentfirst 1995/11/23 v1.03 Indent first paragraph (DPC)
)
(d:/texlive/2022/texmf-dist/tex/latex/base/inputenc.sty
Package: inputenc 2021/02/14 v1.3d Input encoding file
\inpenc@prehook=\toks24
\inpenc@posthook=\toks25
)
(d:/texlive/2022/texmf-dist/tex/latex/titlesec/titlesec.sty
Package: titlesec 2021/07/05 v2.14 Sectioning titles
\ttl@box=\box55
\beforetitleunit=\skip68
\aftertitleunit=\skip69
\ttl@plus=\dimen185
\ttl@minus=\dimen186
\ttl@toksa=\toks26
\titlewidth=\dimen187
\titlewidthlast=\dimen188
\titlewidthfirst=\dimen189
)
(d:/texlive/2022/texmf-dist/tex/latex/titlesec/titletoc.sty
Package: titletoc 2021/07/05 v2.14 TOC entries
\ttl@leftsep=\dimen190
)
(d:/texlive/2022/texmf-dist/tex/latex/listings/listings.sty
\lst@mode=\count296
\lst@gtempboxa=\box56
\lst@token=\toks27
\lst@length=\count297
\lst@currlwidth=\dimen191
\lst@column=\count298
\lst@pos=\count299
\lst@lostspace=\dimen192
\lst@width=\dimen193
\lst@newlines=\count300
\lst@lineno=\count301
\lst@maxwidth=\dimen194

(d:/texlive/2022/texmf-dist/tex/latex/listings/lstmisc.sty
File: lstmisc.sty 2020/03/24 1.8d (Carsten Heinz)
\c@lstnumber=\count302
\lst@skipnumbers=\count303
\lst@framebox=\box57
)
(d:/texlive/2022/texmf-dist/tex/latex/listings/listings.cfg
File: listings.cfg 2020/03/24 1.8d listings configuration
))
Package: listings 2020/03/24 1.8d (Carsten Heinz)

(d:/texlive/2022/texmf-dist/tex/latex/setspace/setspace.sty
Package: setspace 2022/12/04 v6.7b set line spacing
)
(d:/texlive/2022/texmf-dist/tex/latex/changepage/changepage.sty
Package: changepage 2009/10/20 v1.0c check page and change page layout
\c@cp@cntr=\count304
\cp@tempcnt=\count305
)
(d:/texlive/2022/texmf-dist/tex/latex/caption/subcaption.sty
Package: subcaption 2022/01/07 v1.5 Sub-captions (AR)
\c@subfigure=\count306
\c@subtable=\count307
)
(d:/texlive/2022/texmf-dist/tex/latex/was/icomma.sty
Package: icomma 2002/03/10 v2.0 (WaS)
)
(d:/texlive/2022/texmf-dist/tex/latex/multirow/multirow.sty
Package: multirow 2021/03/15 v2.8 Span multiple rows of a table
\multirow@colwidth=\skip70
\multirow@cntb=\count308
\multirow@dima=\skip71
\bigstrutjot=\dimen195
)
(d:/texlive/2022/texmf-dist/tex/latex/graphics/rotating.sty
Package: rotating 2016/08/11 v2.16d rotated objects in LaTeX

(d:/texlive/2022/texmf-dist/tex/latex/base/ifthen.sty
Package: ifthen 2022/04/13 v1.1d Standard LaTeX ifthen package (DPC)
)
\c@r@tfl@t=\count309
\rotFPtop=\skip72
\rotFPbot=\skip73
\rot@float@box=\box58
\rot@mess@toks=\toks28
)
(d:/texlive/2022/texmf-dist/tex/latex/tools/longtable.sty
Package: longtable 2021-09-01 v4.17 Multi-page Table package (DPC)
\LTleft=\skip74
\LTright=\skip75
\LTpre=\skip76
\LTpost=\skip77
\LTchunksize=\count310
\LTcapwidth=\dimen196
\LT@head=\box59
\LT@firsthead=\box60
\LT@foot=\box61
\LT@lastfoot=\box62
\LT@gbox=\box63
\LT@cols=\count311
\LT@rows=\count312
\c@LT@tables=\count313
\c@LT@chunks=\count314
\LT@p@ftn=\toks29
)
(d:/texlive/2022/texmf-dist/tex/latex/datatool/datatool.sty
Package: datatool 2019/09/27 v2.32 (NLCT)

(d:/texlive/2022/texmf-dist/tex/latex/xkeyval/xkeyval.sty
Package: xkeyval 2022/06/16 v2.9 package option processing (HA)

(d:/texlive/2022/texmf-dist/tex/generic/xkeyval/xkeyval.tex
(d:/texlive/2022/texmf-dist/tex/generic/xkeyval/xkvutils.tex
\XKV@toks=\toks30
\XKV@tempa@toks=\toks31
)
\XKV@depth=\count315
File: xkeyval.tex 2014/12/03 v2.7a key=value parser (HA)
))
(d:/texlive/2022/texmf-dist/tex/latex/xfor/xfor.sty
Package: xfor 2009/02/05 v1.05 (NLCT)
)
(d:/texlive/2022/texmf-dist/tex/latex/substr/substr.sty
Package: substr 2009/10/20 v1.2 Handle substrings
\c@su@anzahl=\count316
)
(d:/texlive/2022/texmf-dist/tex/latex/etoolbox/etoolbox.sty
Package: etoolbox 2020/10/05 v2.5k e-TeX tools for LaTeX (JAW)
\etb@tempcnta=\count317
)
(d:/texlive/2022/texmf-dist/tex/latex/datatool/datatool-base.sty
Package: datatool-base 2019/09/27 v2.32 (NLCT)

(d:/texlive/2022/texmf-dist/tex/latex/datatool/datatool-fp.sty
Package: datatool-fp 2019/09/27 v2.32 (NLCT)

(d:/texlive/2022/texmf-dist/tex/latex/fp/fp.sty
Package: fp 1995/04/02

`Fixed Point Package', Version 0.8, April 2, 1995 (C) Michael Mehlich
(d:/texlive/2022/texmf-dist/tex/latex/fp/defpattern.sty
Package: defpattern 1994/10/12
\actioncount=\count318
)
(d:/texlive/2022/texmf-dist/tex/latex/fp/fp-basic.sty
Package: fp-basic 1996/05/13
\FP@xs=\count319
\FP@xia=\count320
\FP@xib=\count321
\FP@xfa=\count322
\FP@xfb=\count323
\FP@rega=\count324
\FP@regb=\count325
\FP@regs=\count326
\FP@times=\count327
)
(d:/texlive/2022/texmf-dist/tex/latex/fp/fp-addons.sty
Package: fp-addons 1995/03/15
)
(d:/texlive/2022/texmf-dist/tex/latex/fp/fp-snap.sty
Package: fp-snap 1995/04/05
)
(d:/texlive/2022/texmf-dist/tex/latex/fp/fp-exp.sty
Package: fp-exp 1995/04/03
)
(d:/texlive/2022/texmf-dist/tex/latex/fp/fp-trigo.sty
Package: fp-trigo 1995/04/14
)
(d:/texlive/2022/texmf-dist/tex/latex/fp/fp-pas.sty
Package: fp-pas 1994/08/29
)
(d:/texlive/2022/texmf-dist/tex/latex/fp/fp-random.sty
Package: fp-random 1995/02/23
\FPseed=\count328
)
(d:/texlive/2022/texmf-dist/tex/latex/fp/fp-eqn.sty
Package: fp-eqn 1995/04/03
)
(d:/texlive/2022/texmf-dist/tex/latex/fp/fp-upn.sty
Package: fp-upn 1996/10/21
)
(d:/texlive/2022/texmf-dist/tex/latex/fp/fp-eval.sty
Package: fp-eval 1995/04/03
)))
\@dtl@toks=\toks32
\@dtl@tmpcount=\count329
\dtl@tmplength=\skip78
\dtl@sortresult=\count330
\@dtl@numgrpsepcount=\count331
\@dtl@datatype=\count332
\dtl@codeA=\count333
\dtl@codeB=\count334
\@dtl@foreach@level=\count335
)
\dtlcolumnnum=\count336
\dtlrownum=\count337
\@dtl@before=\toks33
\@dtl@after=\toks34
\@dtl@colhead=\toks35
\dtlcurrentrow=\toks36
\dtlbeforerow=\toks37
\dtlafterrow=\toks38
\dtlforeachlevel=\count338
\c@DTLrowi=\count339
\c@DTLrowii=\count340
\c@DTLrowiii=\count341
\c@DTLrow=\count342
\dtl@rowi=\count343
\dtl@rowii=\count344
\dtl@rowiii=\count345
\@dtl@curi=\toks39
\@dtl@previ=\toks40
\@dtl@nexti=\toks41
\@dtl@curii=\toks42
\@dtl@previi=\toks43
\@dtl@nextii=\toks44
\@dtl@curiii=\toks45
\@dtl@previii=\toks46
\@dtl@nextiii=\toks47
\@dtl@elements=\count346
\@dtl@list=\toks48
\@dtl@rowa=\toks49
\@dtl@rowb=\toks50
\@dtl@toksA=\toks51
\@dtl@toksB=\toks52
\@dtl@write=\write3
\@dtl@read=\read3
\dtl@entrycr=\count347
\dtl@omitlines=\count348
)
(d:/texlive/2022/texmf-dist/tex/latex/l3packages/xparse/xparse.sty
(d:/texlive/2022/texmf-dist/tex/latex/l3kernel/expl3.sty
Package: expl3 2022-12-17 L3 programming layer (loader) 

(d:/texlive/2022/texmf-dist/tex/latex/l3backend/l3backend-pdftex.def
File: l3backend-pdftex.def 2022-10-26 L3 backend support: PDF output (pdfTeX)
\l__color_backend_stack_int=\count349
\l__pdf_internal_box=\box64
))
Package: xparse 2022-12-17 L3 Experimental document command parser
)
\c@mycounter=\count350
Package hyperref Info: Option `colorlinks' set `true' on input line 104.
Package caption Info: Option `figurename' requires the `newfloat' package on in
put line 132.

(d:/texlive/2022/texmf-dist/tex/latex/newfloat/newfloat.sty
Package: newfloat 2019/09/02 v1.1l Defining new floating environments (AR)
Package newfloat Info: Unsupported document class, or \@chapter 
(newfloat)             was already redefined by another package.
Package newfloat Info: \@chapter = macro:->\def \Hy@next {\Hy@MakeCurrentHrefAu
to {\Hy@chapapp *}\Hy@raisedlink {\hyper@anchorstart {\@currentHref }\hyper@anc
horend }}\ifnum \c@secnumdepth >\m@ne \ltx@IfUndefined {if@mainmatter}\iftrue {
\csname if@mainmatter\endcsname }\let \Hy@next \relax \fi \fi \Hy@next \Hy@org@
chapter .
Package newfloat Info: \Hy@org@chapter = macro:[#1]#2->\NR@gettitle {#1}\NR@cha
pter [{#1}]{#2}.
Package newfloat Info: `rotating' package detected.
))
(./РљРѕСЂРјРёР»РёРЅ Р”. Р”.- РС‚РѕРіРѕРІР°СЏ СЂР°Р±РѕС‚Р°.aux

LaTeX Warning: Label `m(x,y,sigma)' multiply defined.


LaTeX Warning: Label `z_X(Y_i)' multiply defined.


LaTeX Warning: Label `z_X(Y_i)' multiply defined.


LaTeX Warning: Label `z_X(Y_i)' multiply defined.


LaTeX Warning: Label `IZ_X(Y)' multiply defined.


LaTeX Warning: Label `IZ_X(Y)' multiply defined.

)
\openout1 = `"РљРѕСЂРјРёР»РёРЅ Р”. Р”.- РС‚РѕРіРѕРІР°СЏ СЂР°Р±РѕС‚Р°.aux"'.

LaTeX Font Info:    Checking defaults for OML/cmm/m/it on input line 8.
LaTeX Font Info:    ... okay on input line 8.
LaTeX Font Info:    Checking defaults for OMS/cmsy/m/n on input line 8.
LaTeX Font Info:    ... okay on input line 8.
LaTeX Font Info:    Checking defaults for OT1/cmr/m/n on input line 8.
LaTeX Font Info:    ... okay on input line 8.
LaTeX Font Info:    Checking defaults for T1/cmr/m/n on input line 8.
LaTeX Font Info:    ... okay on input line 8.
LaTeX Font Info:    Checking defaults for TS1/cmr/m/n on input line 8.
LaTeX Font Info:    ... okay on input line 8.
LaTeX Font Info:    Checking defaults for OMX/cmex/m/n on input line 8.
LaTeX Font Info:    ... okay on input line 8.
LaTeX Font Info:    Checking defaults for U/cmr/m/n on input line 8.
LaTeX Font Info:    ... okay on input line 8.
LaTeX Font Info:    Checking defaults for T2A/cmr/m/n on input line 8.
LaTeX Font Info:    ... okay on input line 8.
LaTeX Font Info:    Checking defaults for PD1/pdf/m/n on input line 8.
LaTeX Font Info:    ... okay on input line 8.
LaTeX Font Info:    Checking defaults for PU/pdf/m/n on input line 8.
LaTeX Font Info:    ... okay on input line 8.
LaTeX Info: Redefining \th on input line 8.
Package caption Info: Begin \AtBeginDocument code.
Package caption Info: changepage package is loaded.
\caption@adjustwidth@hsize=\dimen197
\caption@adjustwidth@linewidth=\dimen198
Package caption Info: hyperref package is loaded.
Package caption Info: listings package is loaded.
Package caption Info: longtable package is loaded.
 (d:/texlive/2022/texmf-dist/tex/latex/caption/ltcaption.sty
Package: ltcaption 2021/01/08 v1.4c longtable captions (AR)
)
Package caption Info: rotating package is loaded.
Package caption Info: End \AtBeginDocument code.

(d:/texlive/2022/texmf-dist/tex/latex/graphics/color.sty
Package: color 2022/01/06 v1.3d Standard LaTeX Color (DPC)

(d:/texlive/2022/texmf-dist/tex/latex/graphics-cfg/color.cfg
File: color.cfg 2016/01/02 v1.6 sample color configuration
)
Package color Info: Driver file: pdftex.def on input line 149.

(d:/texlive/2022/texmf-dist/tex/latex/graphics/mathcolor.ltx))
Package hyperref Info: Link coloring ON on input line 8.

(./РљРѕСЂРјРёР»РёРЅ Р”. Р”.- РС‚РѕРіРѕРІР°СЏ СЂР°Р±РѕС‚Р°.out)
(./РљРѕСЂРјРёР»РёРЅ Р”. Р”.- РС‚РѕРіРѕРІР°СЏ СЂР°Р±РѕС‚Р°.out)
\@outlinefile=\write4
\openout4 = `"РљРѕСЂРјРёР»РёРЅ Р”. Р”.- РС‚РѕРіРѕРІР°СЏ СЂР°Р±РѕС‚Р°.out"'.


*geometry* driver: auto-detecting
*geometry* detected driver: pdftex
*geometry* verbose mode - [ preamble ] result:
* driver: pdftex
* paper: a4paper
* layout: <same size as paper>
* layoutoffset:(h,v)=(0.0pt,0.0pt)
* modes: 
* h-part:(L,W,R)=(85.35826pt, 469.47049pt, 42.67912pt)
* v-part:(T,H,B)=(56.9055pt, 702.78308pt, 85.35826pt)
* \paperwidth=597.50787pt
* \paperheight=845.04684pt
* \textwidth=469.47049pt
* \textheight=702.78308pt
* \oddsidemargin=13.08827pt
* \evensidemargin=13.08827pt
* \topmargin=-54.36449pt
* \headheight=14.0pt
* \headsep=25.0pt
* \topskip=14.0pt
* \footskip=30.0pt
* \marginparwidth=15.0pt
* \marginparsep=10.0pt
* \columnsep=10.0pt
* \skip\footins=12.0pt plus 4.0pt minus 2.0pt
* \hoffset=0.0pt
* \voffset=0.0pt
* \mag=1000
* \@twocolumnfalse
* \@twosidefalse
* \@mparswitchfalse
* \@reversemarginfalse
* (1in=72.27pt=25.4mm, 1cm=28.453pt)

(d:/texlive/2022/texmf-dist/tex/context/base/mkii/supp-pdf.mkii
[Loading MPS to PDF converter (version 2006.09.02).]
\scratchcounter=\count351
\scratchdimen=\dimen199
\scratchbox=\box65
\nofMPsegments=\count352
\nofMParguments=\count353
\everyMPshowfont=\toks53
\MPscratchCnt=\count354
\MPscratchDim=\dimen256
\MPnumerator=\count355
\makeMPintoPDFobject=\count356
\everyMPtoPDFconversion=\toks54
) (d:/texlive/2022/texmf-dist/tex/latex/epstopdf-pkg/epstopdf-base.sty
Package: epstopdf-base 2020-01-24 v2.11 Base part for package epstopdf
Package epstopdf-base Info: Redefining graphics rule for `.eps' on input line 4
85.

(d:/texlive/2022/texmf-dist/tex/latex/latexconfig/epstopdf-sys.cfg
File: epstopdf-sys.cfg 2010/07/13 v1.3 Configuration of (r)epstopdf for TeX Liv
e
))
\c@lstlisting=\count357
Package newfloat Info: Trying Plan B...
*geometry* verbose mode - [ newgeometry ] result:
* driver: pdftex
* paper: a4paper
* layout: <same size as paper>
* layoutoffset:(h,v)=(0.0pt,0.0pt)
* modes: 
* h-part:(L,W,R)=(85.35826pt, 469.47049pt, 42.67912pt)
* v-part:(T,H,B)=(56.9055pt, 731.23584pt, 56.9055pt)
* \paperwidth=597.50787pt
* \paperheight=845.04684pt
* \textwidth=469.47049pt
* \textheight=731.23584pt
* \oddsidemargin=13.08827pt
* \evensidemargin=13.08827pt
* \topmargin=-54.36449pt
* \headheight=14.0pt
* \headsep=25.0pt
* \topskip=14.0pt
* \footskip=30.0pt
* \marginparwidth=15.0pt
* \marginparsep=10.0pt
* \columnsep=10.0pt
* \skip\footins=12.0pt plus 4.0pt minus 2.0pt
* \hoffset=0.0pt
* \voffset=0.0pt
* \mag=1000
* \@twocolumnfalse
* \@twosidefalse
* \@mparswitchfalse
* \@reversemarginfalse
* (1in=72.27pt=25.4mm, 1cm=28.453pt)

<<ot1.cmap>><<oml.cmap>><<oms.cmap>><<omx.cmap>>
LaTeX Font Info:    Trying to load font information for U+msa on input line 9.

(d:/texlive/2022/texmf-dist/tex/latex/amsfonts/umsa.fd
File: umsa.fd 2013/01/14 v3.01 AMS symbols A
)
LaTeX Font Info:    Trying to load font information for U+msb on input line 9.

(d:/texlive/2022/texmf-dist/tex/latex/amsfonts/umsb.fd
File: umsb.fd 2013/01/14 v3.01 AMS symbols B
)
Overfull \hbox (4.55582pt too wide) in paragraph at lines 9--9
|  [] |  []
 []


Overfull \hbox (18.96692pt too wide) in paragraph at lines 9--9
[]|  [] 
 []


Overfull \hbox (20.88388pt too wide) in paragraph at lines 9--9
[]|  [] 
 []


Overfull \hbox (19.40039pt too wide) in paragraph at lines 9--9
[]|  [] 
 []


Overfull \vbox (25.11462pt too high) has occurred while \output is active []


[1


{d:/texlive/2022/texmf-var/fonts/map/pdftex/updmap/pdftex.map}]
Overfull \hbox (18.96692pt too wide) in paragraph at lines 10--10
[]|  [] 
 []


Overfull \hbox (1.54971pt too wide) in paragraph at lines 10--10
[]\T2A/cmr/bx/n/14.4 Срок сда-чи сту-ден-том за-кон-чен-ной ра-бо-ты <<$[]$>> $
[]$
 []

[2]
Underfull \hbox (badness 10000) in paragraph at lines 10--10

 []


Underfull \hbox (badness 10000) in paragraph at lines 10--11

 []

[3] [4] (./РљРѕСЂРјРёР»РёРЅ Р”. Р”.- РС‚РѕРіРѕРІР°СЏ СЂР°Р±РѕС‚Р°.toc
Overfull \hbox (9.30615pt too wide) in paragraph at lines 3--3
[]|| [][][]\T2A/cmr/m/n/14.4 СОВРЕМЕННЫЕ МЕ-ТО-ДЫ ОПРЕ-ДЕ-ЛЕ-НИЯ ГЕО-МЕТ-РИ-ЧЕ-
СКИХ 
 []

[5

])
\tf@toc=\write5
\openout5 = `"РљРѕСЂРјРёР»РёРЅ Р”. Р”.- РС‚РѕРіРѕРІР°СЏ СЂР°Р±РѕС‚Р°.toc"'.

 [6] [7

]
Overfull \hbox (0.14557pt too wide) in paragraph at lines 29--30
[]\T2A/cmr/m/n/14.4 исследование со-вре-мен-ных спо-со-бов при-ме-не-ния оп-ти-
че-ских и теп-
 []

[8]
{\cyrillictext \CYRG \cyrl \cyra \cyrv \cyra } 1.

Package hyperref Warning: Token not allowed in a PDF string (Unicode):
(hyperref)                removing `\new@ifnextchar' on input line 34.

Package newfloat Info: Setting Plan B file extension to `lof'... on input line 
34.
[9

] [10]
Overfull \hbox (1.28632pt too wide) in paragraph at lines 66--67
[]\T2A/cmr/m/n/14.4 Однокомпонентные га-зо-ана-ли-за-то-ры -- это, как пра-ви-л
о, про-стые при-
 []

[11]
Overfull \hbox (7.79039pt too wide) in paragraph at lines 82--83
[]\T2A/cmr/m/n/14.4 химическая, неф-те-хи-ми-че-ская и неф-те-пе-ре-ра-ба-ты-ва
-ю-щая про-мыш-
 []

[12]
Overfull \hbox (0.73108pt too wide) in paragraph at lines 89--90
[]\T2A/cmr/m/n/14.4 предприятия для обез-вре-жи-ва-ния раз-лич-ных от-хо-дов (м
у-со-ро-сжи-
 []


Overfull \hbox (2.79826pt too wide) in paragraph at lines 98--99
[]\T2A/cmr/m/n/14.4 автоматизированное ра-бо-чее ме-сто (АРМ) эко-ло-га (устрой
-ства сбо-
 []

<image/chapter_1/typestructure.png, id=258, 484.81125pt x 268.75406pt>
File: image/chapter_1/typestructure.png Graphic file (type png)
<use image/chapter_1/typestructure.png>
Package pdftex.def Info: image/chapter_1/typestructure.png  used on input line 
103.
(pdftex.def)             Requested size: 469.47049pt x 260.26463pt.

LaTeX Warning: `!h' float specifier changed to `!ht'.

[13] [14 <./image/chapter_1/typestructure.png>] [15] [16] [17] [18] [19]

Package hyperref Warning: Token not allowed in a PDF string (Unicode):
(hyperref)                removing `\new@ifnextchar' on input line 272.

[20]
Overfull \hbox (6.44337pt too wide) in paragraph at lines 278--279
[]\T2A/cmr/m/n/14.4 тепловизоры с оптико-механическим ска-ни-ро-ва-ни-ем. Ос-но
в-ные эле-
 []


Overfull \hbox (0.19064pt too wide) in paragraph at lines 284--285
\T2A/cmr/m/n/14.4 ска-ни-ро-ва-ни-ем, опре-де-ля-ю-щим их тем-пе-ра-тур-ную чув
-стви-тель-ность и мак-
 []

[21]
<image/chapter_1/MatrixIRCameraScheme.png, id=344, 300.3722pt x 312.41719pt>
File: image/chapter_1/MatrixIRCameraScheme.png Graphic file (type png)
<use image/chapter_1/MatrixIRCameraScheme.png>
Package pdftex.def Info: image/chapter_1/MatrixIRCameraScheme.png  used on inpu
t line 290.
(pdftex.def)             Requested size: 469.47049pt x 488.34132pt.


LaTeX Warning: `!h' float specifier changed to `!ht'.


Overfull \hbox (3.77159pt too wide) in paragraph at lines 297--298
[]\T2A/cmr/m/n/14.4 Помимо при-ме-не-ния в де-фек-то-ско-пии теп-ло-ви-зи-он-ны
е устрой-ства ши-
 []

[22]

LaTeX Warning: Text page 23 contains only floats.

[23 <./image/chapter_1/MatrixIRCameraScheme.png>] [24]
<image/chapter_1/controlGasSystem.png, id=367, 529.98pt x 406.51875pt>
File: image/chapter_1/controlGasSystem.png Graphic file (type png)
<use image/chapter_1/controlGasSystem.png>
Package pdftex.def Info: image/chapter_1/controlGasSystem.png  used on input li
ne 307.
(pdftex.def)             Requested size: 369.88582pt x 283.72377pt.
 [25 <./image/chapter_1/controlGasSystem.png>] [26]
{\cyrillictext \CYRG \cyrl \cyra \cyrv \cyra } 2.

Package hyperref Warning: Token not allowed in a PDF string (Unicode):
(hyperref)                removing `\new@ifnextchar' on input line 323.


Package hyperref Warning: Token not allowed in a PDF string (Unicode):
(hyperref)                removing `\\' on input line 323.

[27

]
<image/chapter_2/teploviser.png, id=392, 308.65312pt x 294.34969pt>
File: image/chapter_2/teploviser.png Graphic file (type png)
<use image/chapter_2/teploviser.png>
Package pdftex.def Info: image/chapter_2/teploviser.png  used on input line 360
.
(pdftex.def)             Requested size: 369.88582pt x 352.7732pt.


LaTeX Warning: `!h' float specifier changed to `!ht'.

[28] [29 <./image/chapter_2/teploviser.png>]
<image/chapter_2/jet.png, id=415, 903.375pt x 677.53125pt>
File: image/chapter_2/jet.png Graphic file (type png)
<use image/chapter_2/jet.png>
Package pdftex.def Info: image/chapter_2/jet.png  used on input line 416.
(pdftex.def)             Requested size: 369.88582pt x 277.41742pt.

Overfull \hbox (10.25691pt too wide) in paragraph at lines 421--423
\T2A/cmr/m/n/14.4 го-ритм для пре-об-ра-зо-ва-ния изоб-ра-же-ние к от-тен-кам с
е-ро-го (см. ри-су-нок [][]2.3[][]).
 []

[30]
<image/chapter_2/abstrtact_JET_example.jpg, id=425, 276.03125pt x 183.68625pt>
File: image/chapter_2/abstrtact_JET_example.jpg Graphic file (type jpg)
<use image/chapter_2/abstrtact_JET_example.jpg>
Package pdftex.def Info: image/chapter_2/abstrtact_JET_example.jpg  used on inp
ut line 432.
(pdftex.def)             Requested size: 211.26028pt x 140.58957pt.
<image/chapter_2/abstrtact_gray_example.jpg, id=426, 276.03125pt x 183.68625pt>

File: image/chapter_2/abstrtact_gray_example.jpg Graphic file (type jpg)
<use image/chapter_2/abstrtact_gray_example.jpg>
Package pdftex.def Info: image/chapter_2/abstrtact_gray_example.jpg  used on in
put line 437.
(pdftex.def)             Requested size: 211.26028pt x 140.58957pt.
 [31 <./image/chapter_2/jet.png> <./image/chapter_2/abstrtact_JET_example.jpg> 
<./image/chapter_2/abstrtact_gray_example.jpg>] [32] [33]
<image/chapter_2/kdtreeexample.jpg, id=463, 676.02562pt x 321.45094pt>
File: image/chapter_2/kdtreeexample.jpg Graphic file (type jpg)
<use image/chapter_2/kdtreeexample.jpg>
Package pdftex.def Info: image/chapter_2/kdtreeexample.jpg  used on input line 
509.
(pdftex.def)             Requested size: 369.88582pt x 175.88623pt.
<image/chapter_2/kdtreealgo.jpg, id=465, 933.4875pt x 1114.1625pt>
File: image/chapter_2/kdtreealgo.jpg Graphic file (type jpg)
<use image/chapter_2/kdtreealgo.jpg>
Package pdftex.def Info: image/chapter_2/kdtreealgo.jpg  used on input line 518
.
(pdftex.def)             Requested size: 422.52057pt x 504.29262pt.


LaTeX Warning: `!h' float specifier changed to `!ht'.

[34 <./image/chapter_2/kdtreeexample.jpg>] [35 <./image/chapter_2/kdtreealgo.jp
g>]

Package hyperref Warning: Token not allowed in a PDF string (Unicode):
(hyperref)                removing `\new@ifnextchar' on input line 532.


Package hyperref Warning: Token not allowed in a PDF string (Unicode):
(hyperref)                removing `\\' on input line 532.

[36]
<image/chapter_2/Bilinear_interpolation.png, id=491, 198.7425pt x 189.70876pt>
File: image/chapter_2/Bilinear_interpolation.png Graphic file (type png)
<use image/chapter_2/Bilinear_interpolation.png>
Package pdftex.def Info: image/chapter_2/Bilinear_interpolation.png  used on in
put line 555.
(pdftex.def)             Requested size: 281.68515pt x 268.91068pt.
 [37 <./image/chapter_2/Bilinear_interpolation.png>]
<image/chapter_2/nalozhenie_examp.jpg, id=500, 970.62625pt x 546.04pt>
File: image/chapter_2/nalozhenie_examp.jpg Graphic file (type jpg)
<use image/chapter_2/nalozhenie_examp.jpg>
Package pdftex.def Info: image/chapter_2/nalozhenie_examp.jpg  used on input li
ne 577.
(pdftex.def)             Requested size: 422.52057pt x 237.70045pt.


Package hyperref Warning: Token not allowed in a PDF string (Unicode):
(hyperref)                removing `\new@ifnextchar' on input line 581.


Package hyperref Warning: Token not allowed in a PDF string (Unicode):
(hyperref)                removing `\\' on input line 581.

[38 <./image/chapter_2/nalozhenie_examp.jpg>] [39] [40]
Overfull \hbox (5.29962pt too wide) in paragraph at lines 621--623
[]\T2A/cmr/m/n/14.4 построение пи-ра-ми-ды изоб-ра-же-ний: Из-на-чаль-ное изоб-
ра-же-ние раз-
 []


Overfull \hbox (2.23091pt too wide) in paragraph at lines 621--623
\T2A/cmr/m/n/14.4 мы-ва-ет-ся с по-мо-щью гаус-со-во-го филь-тра с раз-ны-ми ма
с-шта-ба-ми $\OML/cmm/m/it/14.4 G []$
 []

<image/chapter_2/conv-example.png, id=529, 564.60938pt x 265.74281pt>
File: image/chapter_2/conv-example.png Graphic file (type png)
<use image/chapter_2/conv-example.png>
Package pdftex.def Info: image/chapter_2/conv-example.png  used on input line 6
37.
(pdftex.def)             Requested size: 469.47049pt x 220.96791pt.
[41] [42 <./image/chapter_2/conv-example.png>] [43] [44] [45] [46]
<image/chapter_2/gerodesic_distance.png, id=581, 395.22656pt x 252.19218pt>
File: image/chapter_2/gerodesic_distance.png Graphic file (type png)
<use image/chapter_2/gerodesic_distance.png>
Package pdftex.def Info: image/chapter_2/gerodesic_distance.png  used on input 
line 775.
(pdftex.def)             Requested size: 234.73524pt x 149.78491pt.


LaTeX Warning: `!h' float specifier changed to `!ht'.

[47]
<image/chapter_3/loc_min_watershed.png, id=589, 295.85532pt x 201.75375pt>
File: image/chapter_3/loc_min_watershed.png Graphic file (type png)
<use image/chapter_3/loc_min_watershed.png>
Package pdftex.def Info: image/chapter_3/loc_min_watershed.png  used on input l
ine 795.
(pdftex.def)             Requested size: 211.26028pt x 144.06812pt.
<image/chapter_3/loc_max_watershed.png, id=590, 371.88937pt x 160.34906pt>
File: image/chapter_3/loc_max_watershed.png Graphic file (type png)
<use image/chapter_3/loc_max_watershed.png>
Package pdftex.def Info: image/chapter_3/loc_max_watershed.png  used on input l
ine 800.
(pdftex.def)             Requested size: 211.26028pt x 91.09161pt.

Overfull \hbox (10.24327pt too wide) in paragraph at lines 808--809
[]\T2A/cmr/m/n/14.4 Другим важ-ным по-ня-ти-ем яв-ля-ет-ся гео-де-зи-че-ская зо
-на вли-я-ния. Пусть
 []

[48 <./image/chapter_2/gerodesic_distance.png> <./image/chapter_3/loc_min_water
shed.png> <./image/chapter_3/loc_max_watershed.png>]
<image/chapter_2/SKIZ.png, id=597, 440.39531pt x 264.99pt>
File: image/chapter_2/SKIZ.png Graphic file (type png)
<use image/chapter_2/SKIZ.png>
Package pdftex.def Info: image/chapter_2/SKIZ.png  used on input line 830.
(pdftex.def)             Requested size: 281.68515pt x 169.49597pt.
<image/chapter_3/potop1_watershed.png, id=599, 333.49594pt x 146.79843pt>
File: image/chapter_3/potop1_watershed.png Graphic file (type png)
<use image/chapter_3/potop1_watershed.png>
Package pdftex.def Info: image/chapter_3/potop1_watershed.png  used on input li
ne 840.
(pdftex.def)             Requested size: 230.0431pt x 101.2619pt.
<image/chapter_3/potop2_watershed.png, id=600, 338.76563pt x 244.66406pt>
File: image/chapter_3/potop2_watershed.png Graphic file (type png)
<use image/chapter_3/potop2_watershed.png>
Package pdftex.def Info: image/chapter_3/potop2_watershed.png  used on input li
ne 845.
(pdftex.def)             Requested size: 230.0431pt x 166.14908pt.
 [49 <./image/chapter_2/SKIZ.png>] [50 <./image/chapter_3/potop1_watershed.png>
 <./image/chapter_3/potop2_watershed.png>]
<image/chapter_2/SKIZ_Watershed_build1.png, id=614, 202.50656pt x 110.66344pt>
File: image/chapter_2/SKIZ_Watershed_build1.png Graphic file (type png)
<use image/chapter_2/SKIZ_Watershed_build1.png>
Package pdftex.def Info: image/chapter_2/SKIZ_Watershed_build1.png  used on inp
ut line 870.
(pdftex.def)             Requested size: 131.45116pt x 71.8358pt.
<image/chapter_2/SKIZ_Watershed_build2.png, id=615, 161.85469pt x 113.67468pt>
File: image/chapter_2/SKIZ_Watershed_build2.png Graphic file (type png)
<use image/chapter_2/SKIZ_Watershed_build2.png>
Package pdftex.def Info: image/chapter_2/SKIZ_Watershed_build2.png  used on inp
ut line 875.
(pdftex.def)             Requested size: 93.89265pt x 65.9435pt.
<image/chapter_2/SKIZ_Watershed_build3.png, id=616, 337.26pt x 93.34875pt>
File: image/chapter_2/SKIZ_Watershed_build3.png Graphic file (type png)
<use image/chapter_2/SKIZ_Watershed_build3.png>
Package pdftex.def Info: image/chapter_2/SKIZ_Watershed_build3.png  used on inp
ut line 880.
(pdftex.def)             Requested size: 215.95956pt x 59.77574pt.
<image/chapter_2/Watershed_markers_modification.png, id=618, 402.75468pt x 268.
75406pt>
File: image/chapter_2/Watershed_markers_modification.png Graphic file (type png
)
<use image/chapter_2/Watershed_markers_modification.png>
Package pdftex.def Info: image/chapter_2/Watershed_markers_modification.png  us
ed on input line 901.
(pdftex.def)             Requested size: 281.68515pt x 187.96661pt.


LaTeX Warning: `!h' float specifier changed to `!ht'.

[51 <./image/chapter_2/SKIZ_Watershed_build1.png> <./image/chapter_2/SKIZ_Water
shed_build2.png> <./image/chapter_2/SKIZ_Watershed_build3.png>] [52 <./image/ch
apter_2/Watershed_markers_modification.png>]
{\cyrillictext \CYRG \cyrl \cyra \cyrv \cyra } 3.

Package hyperref Warning: Token not allowed in a PDF string (Unicode):
(hyperref)                removing `\new@ifnextchar' on input line 909.

<image/chapter_2/opt_example.jpg, id=630, 1927.2pt x 1084.05pt>
File: image/chapter_2/opt_example.jpg Graphic file (type jpg)
<use image/chapter_2/opt_example.jpg>
Package pdftex.def Info: image/chapter_2/opt_example.jpg  used on input line 91
6.
(pdftex.def)             Requested size: 369.88582pt x 208.05583pt.
<image/chapter_2/tep_example.jpg, id=631, 1284.8pt x 1027.84pt>
File: image/chapter_2/tep_example.jpg Graphic file (type jpg)
<use image/chapter_2/tep_example.jpg>
Package pdftex.def Info: image/chapter_2/tep_example.jpg  used on input line 92
3.
(pdftex.def)             Requested size: 281.68515pt x 225.34132pt.

LaTeX Warning: `!h' float specifier changed to `!ht'.

[53

 <./image/chapter_2/opt_example.jpg>]
<image/chapter_2/loaddata.jpg, id=638, 662.475pt x 1094.0875pt>
File: image/chapter_2/loaddata.jpg Graphic file (type jpg)
<use image/chapter_2/loaddata.jpg>
Package pdftex.def Info: image/chapter_2/loaddata.jpg  used on input line 933.
(pdftex.def)             Requested size: 328.6279pt x 542.73524pt.


LaTeX Warning: `!h' float specifier changed to `!ht'.

<image/chapter_2/colorclassification.jpg, id=641, 582.175pt x 883.3pt>
File: image/chapter_2/colorclassification.jpg Graphic file (type jpg)
<use image/chapter_2/colorclassification.jpg>
Package pdftex.def Info: image/chapter_2/colorclassification.jpg  used on input
 line 947.
(pdftex.def)             Requested size: 281.68515pt x 427.38913pt.
<image/chapter_2/colorclassification2.jpg, id=642, 301.125pt x 461.725pt>
File: image/chapter_2/colorclassification2.jpg Graphic file (type jpg)
<use image/chapter_2/colorclassification2.jpg>
Package pdftex.def Info: image/chapter_2/colorclassification2.jpg  used on inpu
t line 952.
(pdftex.def)             Requested size: 145.5347pt x 223.16136pt.

LaTeX Warning: `!h' float specifier changed to `!ht'.

<image/chapter_2/gray_tep_example.jpg, id=644, 1284.8pt x 1027.84pt>
File: image/chapter_2/gray_tep_example.jpg Graphic file (type jpg)
<use image/chapter_2/gray_tep_example.jpg>
Package pdftex.def Info: image/chapter_2/gray_tep_example.jpg  used on input li
ne 962.
(pdftex.def)             Requested size: 422.51498pt x 222.98878pt.

Overfull \hbox (6.85162pt too wide) in paragraph at lines 959--969
\T2A/cmr/m/n/14.4 рим точ-ность ра-бо-ты по-лу-чив-ше-го-ся ал-го-рит-ма. Для о
цен-ки точ-но-сти функ-
 []

[54 <./image/chapter_2/tep_example.jpg>]

LaTeX Warning: `!h' float specifier changed to `!ht'.

[55 <./image/chapter_2/loaddata.jpg>]
<image/chapter_2/grey2.jpg, id=659, 1284.8pt x 1027.84pt>
File: image/chapter_2/grey2.jpg Graphic file (type jpg)
<use image/chapter_2/grey2.jpg>
Package pdftex.def Info: image/chapter_2/grey2.jpg  used on input line 975.
(pdftex.def)             Requested size: 422.51498pt x 222.98878pt.


LaTeX Warning: `!h' float specifier changed to `!ht'.

[56 <./image/chapter_2/colorclassification.jpg> <./image/chapter_2/colorclassif
ication2.jpg>]
<image/chapter_3/accuracy_plot.png, id=668, 550.30594pt x 405.76593pt>
File: image/chapter_3/accuracy_plot.png Graphic file (type png)
<use image/chapter_3/accuracy_plot.png>
Package pdftex.def Info: image/chapter_3/accuracy_plot.png  used on input line 
984.
(pdftex.def)             Requested size: 369.88582pt x 272.74095pt.


LaTeX Warning: `!h' float specifier changed to `!ht'.

<image/chapter_2/nalozhenie.jpg, id=671, 1926.19624pt x 1084.05pt>
File: image/chapter_2/nalozhenie.jpg Graphic file (type jpg)
<use image/chapter_2/nalozhenie.jpg>
Package pdftex.def Info: image/chapter_2/nalozhenie.jpg  used on input line 994
.
(pdftex.def)             Requested size: 369.88582pt x 208.15509pt.

LaTeX Warning: `!h' float specifier changed to `!ht'.

<image/chapter_2/fullprepare.jpg, id=673, 301.125pt x 592.2125pt>
File: image/chapter_2/fullprepare.jpg Graphic file (type jpg)
<use image/chapter_2/fullprepare.jpg>
Package pdftex.def Info: image/chapter_2/fullprepare.jpg  used on input line 10
03.
(pdftex.def)             Requested size: 140.84258pt x 277.00252pt.
[57 <./image/chapter_2/gray_tep_example.jpg> <./image/chapter_2/grey2.jpg>]
[58 <./image/chapter_3/accuracy_plot.png> <./image/chapter_2/nalozhenie.jpg>]

Package hyperref Warning: Token not allowed in a PDF string (Unicode):
(hyperref)                removing `\new@ifnextchar' on input line 1008.


Package hyperref Warning: Token not allowed in a PDF string (Unicode):
(hyperref)                removing `\\' on input line 1008.

<image/chapter_3/trubadetection.jpg, id=685, 381.425pt x 782.925pt>
File: image/chapter_3/trubadetection.jpg Graphic file (type jpg)
<use image/chapter_3/trubadetection.jpg>
Package pdftex.def Info: image/chapter_3/trubadetection.jpg  used on input line
 1016.
(pdftex.def)             Requested size: 164.31754pt x 337.28435pt.

LaTeX Warning: `!h' float specifier changed to `!ht'.

<image/chapter_2/keypoints.png, id=687, 947.79094pt x 537.50812pt>
File: image/chapter_2/keypoints.png Graphic file (type png)
<use image/chapter_2/keypoints.png>
Package pdftex.def Info: image/chapter_2/keypoints.png  used on input line 1025
.
(pdftex.def)             Requested size: 328.6279pt x 186.3673pt.

LaTeX Warning: `!h' float specifier changed to `!ht'.

<image/chapter_2/match1.png, id=689, 1172.12906pt x 542.025pt>
File: image/chapter_2/match1.png Graphic file (type png)
<use image/chapter_2/match1.png>
Package pdftex.def Info: image/chapter_2/match1.png  used on input line 1033.
(pdftex.def)             Requested size: 375.57782pt x 173.67484pt.
[59 <./image/chapter_2/fullprepare.jpg>] [60 <./image/chapter_3/trubadetection.
jpg> <./image/chapter_2/keypoints.png>] [61 <./image/chapter_2/match1.png>]
<image/chapter_3/waterShedSegmentation.png, id=708, 264.99pt x 615.29875pt>
File: image/chapter_3/waterShedSegmentation.png Graphic file (type png)
<use image/chapter_3/waterShedSegmentation.png>
Package pdftex.def Info: image/chapter_3/waterShedSegmentation.png  used on inp
ut line 1047.
(pdftex.def)             Requested size: 150.234pt x 348.83679pt.

[62 <./image/chapter_3/waterShedSegmentation.png>]
<image/chapter_3/tep_examp.jpg, id=717, 739.76375pt x 590.205pt>
File: image/chapter_3/tep_examp.jpg Graphic file (type jpg)
<use image/chapter_3/tep_examp.jpg>
Package pdftex.def Info: image/chapter_3/tep_examp.jpg  used on input line 1062
.
(pdftex.def)             Requested size: 230.0431pt x 183.53802pt.
<image/chapter_3/mask.jpg, id=718, 739.76375pt x 590.205pt>
File: image/chapter_3/mask.jpg Graphic file (type jpg)
<use image/chapter_3/mask.jpg>
Package pdftex.def Info: image/chapter_3/mask.jpg  used on input line 1067.
(pdftex.def)             Requested size: 230.0431pt x 183.53802pt.
 [63 <./image/chapter_3/tep_examp.jpg> <./image/chapter_3/mask.jpg>]
\dtldb@list=\toks55
\dtlkeys@list=\toks56
\dtlrows@list=\count358
\dtlcols@list=\count359

Underfull \hbox (badness 1009) in paragraph at lines 1093--1093
\T2A/cmr/m/n/14.4 эко-ло-ги-че-ско-го мо-ни-то-рин-га про-мыш-лен-ных вы-бро-со
в: [сайт]. -- 2017.
 []


Overfull \hbox (3.05614pt too wide) in paragraph at lines 1093--1093
\T2A/cmr/m/n/14.4 URL: https://gazoanalizators.ru/articles/sistemy-ekologichesk
ogo-monitoringa-
 []


Underfull \hbox (badness 2635) in paragraph at lines 1093--1093
[]\T2A/cmr/bx/n/14.4 Основы теп-ло-ви-де-ния\T2A/cmr/m/n/14.4 : учеб-ное по-со-
бие / В.В. Ко-ро-та-ев,
 []


Underfull \hbox (badness 6461) in paragraph at lines 1093--1093
\T2A/cmr/m/n/14.4 Г.С. Мель-ни-ков, С.В. Ми-хе-ев, В.М. Сам-ков, Ю.И. Сол-да-то
в. --
 []

[64

]
Underfull \hbox (badness 1297) in paragraph at lines 1105--1105
[]\T2A/cmr/bx/n/14.4 Cunningham, P. \T2A/cmr/m/n/14.4 k-Nearest neighbour class
ifiers: a tutorial /
 []


Overfull \hbox (4.6713pt too wide) in paragraph at lines 1105--1105
[]\T2A/cmr/m/n/14.4 Automation Technology: Early fire detection and condition m
onitoring:
 []


Underfull \hbox (badness 10000) in paragraph at lines 1105--1105
\T2A/cmr/m/n/14.4 uploads/2015/12/Monitoring-application-overview.pdf (да-та об
-ра-ще-ния:
 []

[65]
Overfull \hbox (3.16548pt too wide) in paragraph at lines 1105--1105
\T2A/cmr/m/n/14.4 https://docs.opencv.org/4.x/dc/dc3/tutorial_py_matcher.html (
да-та об-ра-ще-
 []


Underfull \hbox (badness 10000) in paragraph at lines 1105--1105
\T2A/cmr/m/n/14.4 http://www.scholarpedia.org/article/Scale_Invariant_Feature_T
ransform
 []


Underfull \hbox (badness 5711) in paragraph at lines 1105--1105
[]\T2A/cmr/bx/n/14.4 Ibraheem, N.A. \T2A/cmr/m/n/14.4 Understanding color model
s: a review /
 []

[66] (./РљРѕСЂРјРёР»РёРЅ Р”. Р”.- РС‚РѕРіРѕРІР°СЏ СЂР°Р±РѕС‚Р°.aux)

LaTeX Warning: There were multiply-defined labels.

Package rerunfilecheck Info: File `"РљРѕСЂРјРёР»РёРЅ Р”. Р”.- РС‚РѕРіРѕРІР°СЏ 
СЂР°Р±РѕС‚Р°".out' has not changed.
(rerunfilecheck)             Checksum: BC011103D62AA41FFDE3318695270412;9739.
 ) 
Here is how much of TeX's memory you used:
 20664 strings out of 476093
 338731 string characters out of 5795584
 1863787 words of memory out of 5000000
 40346 multiletter control sequences out of 15000+600000
 523901 words of font info for 67 fonts, out of 8000000 for 9000
 1141 hyphenation exceptions out of 8191
 224i,12n,210p,2376b,918s stack positions out of 10000i,1000n,20000p,200000b,200000s
{d:/texlive/2022/texmf-dist/fonts/enc/dvips/cm-super/cm-super-t2a.enc}{d:/tex
live/2022/texmf-dist/fonts/enc/dvips/cm-super/cm-super-ts1.enc}<d:/texlive/2022
/texmf-dist/fonts/type1/public/amsfonts/cm/cmex10.pfb><d:/texlive/2022/texmf-di
st/fonts/type1/public/amsfonts/cm/cmmi10.pfb><d:/texlive/2022/texmf-dist/fonts/
type1/public/amsfonts/cm/cmmi12.pfb><d:/texlive/2022/texmf-dist/fonts/type1/pub
lic/amsfonts/cm/cmmi7.pfb><d:/texlive/2022/texmf-dist/fonts/type1/public/amsfon
ts/cm/cmr10.pfb><d:/texlive/2022/texmf-dist/fonts/type1/public/amsfonts/cm/cmr1
2.pfb><d:/texlive/2022/texmf-dist/fonts/type1/public/amsfonts/cm/cmr7.pfb><d:/t
exlive/2022/texmf-dist/fonts/type1/public/amsfonts/cm/cmsy10.pfb><d:/texlive/20
22/texmf-dist/fonts/type1/public/amsfonts/cm/cmsy7.pfb><d:/texlive/2022/texmf-d
ist/fonts/type1/public/amsfonts/symbols/msbm10.pfb><d:/texlive/2022/texmf-dist/
fonts/type1/public/cm-super/sfbx1440.pfb><d:/texlive/2022/texmf-dist/fonts/type
1/public/cm-super/sfrm1000.pfb><d:/texlive/2022/texmf-dist/fonts/type1/public/c
m-super/sfrm1200.pfb><d:/texlive/2022/texmf-dist/fonts/type1/public/cm-super/sf
rm1440.pfb>
Output written on "РљРѕСЂРјРёР»РёРЅ Р”. Р”.- РС‚РѕРіРѕРІР°СЏ СЂР°Р±РѕС‚Р°.pdf"
 (66 pages, 4532700 bytes).
PDF statistics:
 874 PDF objects out of 1000 (max. 8388607)
 708 compressed objects within 8 object streams
 280 named destinations out of 1000 (max. 500000)
 403 words of extra memory for PDF output out of 10000 (max. 10000000)

